<?xml version="1.0" encoding="UTF-8"?>
<coverage generated="1781705937892" clover="3.2.0">
  <project timestamp="1781705937892" name="All files">
    <metrics statements="18" coveredstatements="18" conditionals="2" coveredconditionals="2" methods="5" coveredmethods="5" elements="25" coveredelements="25" complexity="0" loc="18" ncloc="18" packages="3" files="3" classes="3"/>
    <package name="components">
      <metrics statements="7" coveredstatements="7" conditionals="0" coveredconditionals="0" methods="4" coveredmethods="4"/>
      <file name="QuestionCard.jsx" path="C:\Users\Rifqi Alfareza\3D Objects\QuizApp CI-CD\quiz-app-CI-CD\src\components\QuestionCard.jsx">
        <metrics statements="7" coveredstatements="7" conditionals="0" coveredconditionals="0" methods="4" coveredmethods="4"/>
        <line num="6" count="4" type="stmt"/>
        <line num="7" count="20" type="stmt"/>
        <line num="8" count="20" type="stmt"/>
        <line num="9" count="20" type="stmt"/>
        <line num="12" count="4" type="stmt"/>
        <line num="28" count="16" type="stmt"/>
        <line num="30" count="1" type="stmt"/>
      </file>
    </package>
    <package name="services">
      <metrics statements="9" coveredstatements="9" conditionals="2" coveredconditionals="2" methods="1" coveredmethods="1"/>
      <file name="api.js" path="C:\Users\Rifqi Alfareza\3D Objects\QuizApp CI-CD\quiz-app-CI-CD\src\services\api.js">
        <metrics statements="9" coveredstatements="9" conditionals="2" coveredconditionals="2" methods="1" coveredmethods="1"/>
        <line num="5" count="1" type="stmt"/>
        <line num="8" count="1" type="stmt"/>
        <line num="9" count="3" type="stmt"/>
        <line num="11" count="3" type="stmt"/>
        <line num="19" count="2" type="cond" truecount="2" falsecount="0"/>
        <line num="20" count="1" type="stmt"/>
        <line num="23" count="1" type="stmt"/>
        <line num="26" count="2" type="stmt"/>
        <line num="27" count="2" type="stmt"/>
      </file>
    </package>
    <package name="utils">
      <metrics statements="2" coveredstatements="2" conditionals="0" coveredconditionals="0" methods="0" coveredmethods="0"/>
      <file name="constants.js" path="C:\Users\Rifqi Alfareza\3D Objects\QuizApp CI-CD\quiz-app-CI-CD\src\utils\constants.js">
        <metrics statements="2" coveredstatements="2" conditionals="0" coveredconditionals="0" methods="0" coveredmethods="0"/>
        <line num="2" count="1" type="stmt"/>
        <line num="5" count="1" type="stmt"/>
      </file>
    </package>
  </project>
</coverage>
