{"total": {"lines":{"total":331,"covered":296,"skipped":0,"pct":89.42},"statements":{"total":369,"covered":325,"skipped":0,"pct":88.07},"functions":{"total":93,"covered":82,"skipped":0,"pct":88.17},"branches":{"total":224,"covered":182,"skipped":0,"pct":81.25},"branchesTrue":{"total":0,"covered":0,"skipped":0,"pct":100}}
,"C:\\PSO-FP\\FE-quiz app\\quiz-app-frontend\\src\\App.jsx": {"lines":{"total":1,"covered":1,"skipped":0,"pct":100},"functions":{"total":1,"covered":1,"skipped":0,"pct":100},"statements":{"total":1,"covered":1,"skipped":0,"pct":100},"branches":{"total":0,"covered":0,"skipped":0,"pct":100}}
,"C:\\PSO-FP\\FE-quiz app\\quiz-app-frontend\\src\\components\\Navbar.jsx": {"lines":{"total":20,"covered":16,"skipped":0,"pct":80},"functions":{"total":10,"covered":7,"skipped":0,"pct":70},"statements":{"total":23,"covered":19,"skipped":0,"pct":82.6},"branches":{"total":18,"covered":11,"skipped":0,"pct":61.11}}
,"C:\\PSO-FP\\FE-quiz app\\quiz-app-frontend\\src\\components\\ProtectedRoute.jsx": {"lines":{"total":2,"covered":2,"skipped":0,"pct":100},"functions":{"total":1,"covered":1,"skipped":0,"pct":100},"statements":{"total":2,"covered":2,"skipped":0,"pct":100},"branches":{"total":2,"covered":2,"skipped":0,"pct":100}}
,"C:\\PSO-FP\\FE-quiz app\\quiz-app-frontend\\src\\components\\QuestionCard.jsx": {"lines":{"total":7,"covered":7,"skipped":0,"pct":100},"functions":{"total":4,"covered":4,"skipped":0,"pct":100},"statements":{"total":7,"covered":7,"skipped":0,"pct":100},"branches":{"total":0,"covered":0,"skipped":0,"pct":100}}
,"C:\\PSO-FP\\FE-quiz app\\quiz-app-frontend\\src\\context\\QuizContext.jsx": {"lines":{"total":85,"covered":63,"skipped":0,"pct":74.11},"functions":{"total":22,"covered":17,"skipped":0,"pct":77.27},"statements":{"total":96,"covered":69,"skipped":0,"pct":71.87},"branches":{"total":32,"covered":18,"skipped":0,"pct":56.25}}
,"C:\\PSO-FP\\FE-quiz app\\quiz-app-frontend\\src\\hooks\\useDocumentTitle.js": {"lines":{"total":5,"covered":5,"skipped":0,"pct":100},"functions":{"total":3,"covered":3,"skipped":0,"pct":100},"statements":{"total":5,"covered":5,"skipped":0,"pct":100},"branches":{"total":0,"covered":0,"skipped":0,"pct":100}}
,"C:\\PSO-FP\\FE-quiz app\\quiz-app-frontend\\src\\pages\\Login.jsx": {"lines":{"total":19,"covered":19,"skipped":0,"pct":100},"functions":{"total":4,"covered":4,"skipped":0,"pct":100},"statements":{"total":20,"covered":20,"skipped":0,"pct":100},"branches":{"total":8,"covered":8,"skipped":0,"pct":100}}
,"C:\\PSO-FP\\FE-quiz app\\quiz-app-frontend\\src\\pages\\Profile.jsx": {"lines":{"total":35,"covered":34,"skipped":0,"pct":97.14},"functions":{"total":9,"covered":9,"skipped":0,"pct":100},"statements":{"total":38,"covered":37,"skipped":0,"pct":97.36},"branches":{"total":26,"covered":24,"skipped":0,"pct":92.3}}
,"C:\\PSO-FP\\FE-quiz app\\quiz-app-frontend\\src\\pages\\Quiz.jsx": {"lines":{"total":19,"covered":19,"skipped":0,"pct":100},"functions":{"total":5,"covered":4,"skipped":0,"pct":80},"statements":{"total":20,"covered":19,"skipped":0,"pct":95},"branches":{"total":20,"covered":19,"skipped":0,"pct":95}}
,"C:\\PSO-FP\\FE-quiz app\\quiz-app-frontend\\src\\pages\\QuizReview.jsx": {"lines":{"total":39,"covered":37,"skipped":0,"pct":94.87},"functions":{"total":14,"covered":14,"skipped":0,"pct":100},"statements":{"total":43,"covered":41,"skipped":0,"pct":95.34},"branches":{"total":46,"covered":40,"skipped":0,"pct":86.95}}
,"C:\\PSO-FP\\FE-quiz app\\quiz-app-frontend\\src\\pages\\Result.jsx": {"lines":{"total":31,"covered":25,"skipped":0,"pct":80.64},"functions":{"total":6,"covered":4,"skipped":0,"pct":66.66},"statements":{"total":36,"covered":28,"skipped":0,"pct":77.77},"branches":{"total":23,"covered":17,"skipped":0,"pct":73.91}}
,"C:\\PSO-FP\\FE-quiz app\\quiz-app-frontend\\src\\pages\\Scoreboard.jsx": {"lines":{"total":46,"covered":46,"skipped":0,"pct":100},"functions":{"total":10,"covered":10,"skipped":0,"pct":100},"statements":{"total":56,"covered":55,"skipped":0,"pct":98.21},"branches":{"total":42,"covered":38,"skipped":0,"pct":90.47}}
,"C:\\PSO-FP\\FE-quiz app\\quiz-app-frontend\\src\\services\\api.js": {"lines":{"total":9,"covered":9,"skipped":0,"pct":100},"functions":{"total":1,"covered":1,"skipped":0,"pct":100},"statements":{"total":9,"covered":9,"skipped":0,"pct":100},"branches":{"total":2,"covered":2,"skipped":0,"pct":100}}
,"C:\\PSO-FP\\FE-quiz app\\quiz-app-frontend\\src\\services\\authService.js": {"lines":{"total":4,"covered":4,"skipped":0,"pct":100},"functions":{"total":1,"covered":1,"skipped":0,"pct":100},"statements":{"total":4,"covered":4,"skipped":0,"pct":100},"branches":{"total":2,"covered":1,"skipped":0,"pct":50}}
,"C:\\PSO-FP\\FE-quiz app\\quiz-app-frontend\\src\\services\\scoreService.js": {"lines":{"total":7,"covered":7,"skipped":0,"pct":100},"functions":{"total":2,"covered":2,"skipped":0,"pct":100},"statements":{"total":7,"covered":7,"skipped":0,"pct":100},"branches":{"total":3,"covered":2,"skipped":0,"pct":66.66}}
,"C:\\PSO-FP\\FE-quiz app\\quiz-app-frontend\\src\\utils\\constants.js": {"lines":{"total":2,"covered":2,"skipped":0,"pct":100},"functions":{"total":0,"covered":0,"skipped":0,"pct":100},"statements":{"total":2,"covered":2,"skipped":0,"pct":100},"branches":{"total":0,"covered":0,"skipped":0,"pct":100}}
}
