{"C:\\Users\\Rifqi Alfareza\\3D Objects\\QuizApp CI-CD\\quiz-app-CI-CD\\src\\components\\QuestionCard.jsx": {"path":"C:\\Users\\Rifqi Alfareza\\3D Objects\\QuizApp CI-CD\\quiz-app-CI-CD\\src\\components\\QuestionCard.jsx","statementMap":{"0":{"start":{"line":6,"column":21},"end":{"line":10,"column":3}},"1":{"start":{"line":7,"column":16},"end":{"line":7,"column":50}},"2":{"start":{"line":8,"column":4},"end":{"line":8,"column":25}},"3":{"start":{"line":9,"column":4},"end":{"line":9,"column":21}},"4":{"start":{"line":12,"column":2},"end":{"line":43,"column":4}},"5":{"start":{"line":28,"column":10},"end":{"line":39,"column":19}},"6":{"start":{"line":30,"column":27},"end":{"line":30,"column":43}}},"fnMap":{"0":{"name":"QuestionCard","decl":{"start":{"line":4,"column":24},"end":{"line":4,"column":36}},"loc":{"start":{"line":4,"column":87},"end":{"line":44,"column":1}},"line":4},"1":{"name":"(anonymous_1)","decl":{"start":{"line":6,"column":21},"end":{"line":6,"column":22}},"loc":{"start":{"line":6,"column":31},"end":{"line":10,"column":3}},"line":6},"2":{"name":"(anonymous_2)","decl":{"start":{"line":27,"column":26},"end":{"line":27,"column":27}},"loc":{"start":{"line":28,"column":10},"end":{"line":39,"column":19}},"line":28},"3":{"name":"(anonymous_3)","decl":{"start":{"line":30,"column":21},"end":{"line":30,"column":22}},"loc":{"start":{"line":30,"column":27},"end":{"line":30,"column":43}},"line":30}},"branchMap":{},"s":{"0":4,"1":20,"2":20,"3":20,"4":4,"5":16,"6":1},"f":{"0":4,"1":20,"2":16,"3":1},"b":{},"_coverageSchema":"1a1c01bbd47fc00a2c39e90264f33305004495a9","hash":"690259cd144a47c80cf691d37f277139283cf4c6"}
,"C:\\Users\\Rifqi Alfareza\\3D Objects\\QuizApp CI-CD\\quiz-app-CI-CD\\src\\services\\api.js": {"path":"C:\\Users\\Rifqi Alfareza\\3D Objects\\QuizApp CI-CD\\quiz-app-CI-CD\\src\\services\\api.js","statementMap":{"0":{"start":{"line":5,"column":16},"end":{"line":5,"column":45}},"1":{"start":{"line":8,"column":28},"end":{"line":29,"column":1}},"2":{"start":{"line":9,"column":2},"end":{"line":28,"column":3}},"3":{"start":{"line":11,"column":21},"end":{"line":16,"column":6}},"4":{"start":{"line":19,"column":4},"end":{"line":21,"column":5}},"5":{"start":{"line":20,"column":6},"end":{"line":20,"column":77}},"6":{"start":{"line":23,"column":4},"end":{"line":23,"column":33}},"7":{"start":{"line":26,"column":4},"end":{"line":26,"column":47}},"8":{"start":{"line":27,"column":4},"end":{"line":27,"column":16}}},"fnMap":{"0":{"name":"(anonymous_0)","decl":{"start":{"line":8,"column":28},"end":{"line":8,"column":29}},"loc":{"start":{"line":8,"column":40},"end":{"line":29,"column":1}},"line":8}},"branchMap":{"0":{"loc":{"start":{"line":19,"column":4},"end":{"line":21,"column":5}},"type":"if","locations":[{"start":{"line":19,"column":4},"end":{"line":21,"column":5}},{"start":{},"end":{}}],"line":19}},"s":{"0":1,"1":1,"2":3,"3":3,"4":2,"5":1,"6":1,"7":2,"8":2},"f":{"0":3},"b":{"0":[1,1]},"_coverageSchema":"1a1c01bbd47fc00a2c39e90264f33305004495a9","hash":"222956bac9ffaef5708f1e703159740bb2ebe9b5"}
,"C:\\Users\\Rifqi Alfareza\\3D Objects\\QuizApp CI-CD\\quiz-app-CI-CD\\src\\utils\\constants.js": {"path":"C:\\Users\\Rifqi Alfareza\\3D Objects\\QuizApp CI-CD\\quiz-app-CI-CD\\src\\utils\\constants.js","statementMap":{"0":{"start":{"line":2,"column":29},"end":{"line":2,"column":31}},"1":{"start":{"line":5,"column":31},"end":{"line":5,"column":33}}},"fnMap":{},"branchMap":{},"s":{"0":1,"1":1},"f":{},"b":{},"_coverageSchema":"1a1c01bbd47fc00a2c39e90264f33305004495a9","hash":"57a909950a8a6538a1bf234b5550008e34e51965"}
}
