TN:
SF:src\App.jsx
FN:10,App
FNF:1
FNH:1
FNDA:2,App
DA:11,2
LF:1
LH:1
BRF:0
BRH:0
end_of_record
TN:
SF:src\components\Navbar.jsx
FN:6,Navbar
FN:14,(anonymous_1)
FN:15,handleClickOutside
FN:21,(anonymous_3)
FN:24,(anonymous_4)
FN:31,(anonymous_5)
FN:82,(anonymous_6)
FN:82,(anonymous_7)
FN:110,(anonymous_8)
FN:118,(anonymous_9)
FNF:10
FNH:7
FNDA:11,Navbar
FNDA:7,(anonymous_1)
FNDA:0,handleClickOutside
FNDA:7,(anonymous_3)
FNDA:2,(anonymous_4)
FNDA:22,(anonymous_5)
FNDA:4,(anonymous_6)
FNDA:4,(anonymous_7)
FNDA:0,(anonymous_8)
FNDA:0,(anonymous_9)
DA:7,11
DA:8,11
DA:9,11
DA:10,11
DA:11,11
DA:14,11
DA:16,0
DA:17,0
DA:20,7
DA:21,7
DA:24,11
DA:25,2
DA:26,1
DA:27,1
DA:31,22
DA:33,11
DA:41,11
DA:82,4
DA:110,0
DA:118,0
LF:20
LH:16
BRDA:16,0,0,0
BRDA:16,0,1,0
BRDA:16,1,0,0
BRDA:16,1,1,0
BRDA:25,2,0,1
BRDA:25,2,1,1
BRDA:33,3,0,0
BRDA:33,3,1,11
BRDA:58,4,0,11
BRDA:58,4,1,0
BRDA:69,5,0,0
BRDA:69,5,1,11
BRDA:93,6,0,4
BRDA:93,6,1,7
BRDA:98,7,0,11
BRDA:98,7,1,4
BRDA:103,8,0,4
BRDA:103,8,1,4
BRF:18
BRH:11
end_of_record
TN:
SF:src\components\ProtectedRoute.jsx
FN:8,ProtectedRoute
FNF:1
FNH:1
FNDA:2,ProtectedRoute
DA:9,2
DA:10,2
LF:2
LH:2
BRDA:10,0,0,1
BRDA:10,0,1,1
BRF:2
BRH:2
end_of_record
TN:
SF:src\components\QuestionCard.jsx
FN:4,QuestionCard
FN:6,(anonymous_1)
FN:27,(anonymous_2)
FN:30,(anonymous_3)
FNF:4
FNH:4
FNDA:4,QuestionCard
FNDA:20,(anonymous_1)
FNDA:16,(anonymous_2)
FNDA:1,(anonymous_3)
DA:6,4
DA:7,20
DA:8,20
DA:9,20
DA:12,4
DA:28,16
DA:30,1
LF:7
LH:7
BRF:0
BRH:0
end_of_record
TN:
SF:src\context\QuizContext.jsx
FN:12,(anonymous_0)
FN:12,(anonymous_1)
FN:14,(anonymous_2)
FN:36,(anonymous_3)
FN:60,(anonymous_4)
FN:76,(anonymous_5)
FN:77,(anonymous_6)
FN:81,(anonymous_7)
FN:83,(anonymous_8)
FN:91,(anonymous_9)
FN:95,(anonymous_10)
FN:100,(anonymous_11)
FN:105,(anonymous_12)
FN:132,(anonymous_13)
FN:141,(anonymous_14)
FN:153,(anonymous_15)
FN:166,(anonymous_16)
FN:170,(anonymous_17)
FN:192,(anonymous_18)
FN:201,(anonymous_19)
FN:216,(anonymous_20)
FN:242,(anonymous_21)
FNF:22
FNH:17
FNDA:8,(anonymous_0)
FNDA:41,(anonymous_1)
FNDA:23,(anonymous_2)
FNDA:8,(anonymous_3)
FNDA:21,(anonymous_4)
FNDA:0,(anonymous_5)
FNDA:0,(anonymous_6)
FNDA:13,(anonymous_7)
FNDA:0,(anonymous_8)
FNDA:0,(anonymous_9)
FNDA:4,(anonymous_10)
FNDA:4,(anonymous_11)
FNDA:8,(anonymous_12)
FNDA:4,(anonymous_13)
FNDA:4,(anonymous_14)
FNDA:0,(anonymous_15)
FNDA:4,(anonymous_16)
FNDA:4,(anonymous_17)
FNDA:2,(anonymous_18)
FNDA:1,(anonymous_19)
FNDA:1,(anonymous_20)
FNDA:23,(anonymous_21)
DA:9,1
DA:12,41
DA:14,1
DA:16,23
DA:17,23
DA:18,23
DA:21,23
DA:24,23
DA:36,23
DA:37,8
DA:38,8
DA:40,8
DA:42,8
DA:43,0
DA:45,0
DA:46,0
DA:48,0
DA:49,0
DA:51,0
DA:54,0
DA:60,23
DA:61,21
DA:62,8
DA:76,23
DA:77,0
DA:81,23
DA:82,13
DA:83,4
DA:84,0
DA:85,0
DA:87,0
DA:88,0
DA:89,0
DA:91,0
DA:95,4
DA:100,23
DA:102,4
DA:105,8
DA:112,4
DA:113,4
DA:116,4
DA:127,4
DA:128,4
DA:132,23
DA:133,4
DA:135,4
DA:137,4
DA:138,4
DA:139,4
DA:141,4
DA:149,4
DA:150,4
DA:152,0
DA:153,0
DA:154,0
DA:155,0
DA:157,0
DA:158,0
DA:159,0
DA:166,23
DA:167,4
DA:168,4
DA:170,4
DA:171,4
DA:172,4
DA:174,4
DA:192,23
DA:193,2
DA:196,2
DA:197,2
DA:201,23
DA:203,1
DA:204,1
DA:205,1
DA:208,1
DA:209,1
DA:211,0
DA:216,23
DA:217,1
DA:218,1
DA:228,1
DA:229,1
DA:230,1
DA:234,23
DA:242,23
LF:85
LH:63
BRDA:40,0,0,0
BRDA:40,0,1,8
BRDA:42,1,0,0
BRDA:42,1,1,8
BRDA:45,2,0,0
BRDA:45,2,1,0
BRDA:45,3,0,0
BRDA:45,3,1,0
BRDA:48,4,0,0
BRDA:48,4,1,0
BRDA:61,5,0,8
BRDA:61,5,1,13
BRDA:82,6,0,4
BRDA:82,6,1,9
BRDA:82,7,0,13
BRDA:82,7,1,4
BRDA:87,8,0,0
BRDA:87,8,1,0
BRDA:133,9,0,0
BRDA:133,9,1,4
BRDA:133,10,0,4
BRDA:133,10,1,0
BRDA:135,11,0,0
BRDA:135,11,1,4
BRDA:176,12,0,2
BRDA:176,12,1,2
BRDA:185,13,0,1
BRDA:185,13,1,3
BRDA:193,14,0,2
BRDA:193,14,1,0
BRDA:203,15,0,1
BRDA:203,15,1,1
BRF:32
BRH:18
end_of_record
TN:
SF:src\hooks\useDocumentTitle.js
FN:4,useDocumentTitle
FN:5,(anonymous_1)
FN:13,(anonymous_2)
FNF:3
FNH:3
FNDA:4,useDocumentTitle
FNDA:4,(anonymous_1)
FNDA:4,(anonymous_2)
DA:5,4
DA:7,4
DA:10,4
DA:13,4
DA:14,4
LF:5
LH:5
BRF:0
BRH:0
end_of_record
TN:
SF:src\pages\Login.jsx
FN:9,Login
FN:17,(anonymous_1)
FN:22,(anonymous_2)
FN:101,(anonymous_3)
FNF:4
FNH:4
FNDA:12,Login
FNDA:7,(anonymous_1)
FNDA:2,(anonymous_2)
FNDA:1,(anonymous_3)
DA:10,12
DA:11,12
DA:12,12
DA:13,12
DA:15,12
DA:17,12
DA:18,7
DA:22,12
DA:23,2
DA:24,2
DA:25,2
DA:26,2
DA:27,1
DA:28,1
DA:30,1
DA:31,1
DA:33,2
DA:37,12
DA:101,1
LF:19
LH:19
BRDA:18,0,0,1
BRDA:18,0,1,6
BRDA:90,1,0,12
BRDA:90,1,1,2
BRDA:97,2,0,2
BRDA:97,2,1,10
BRDA:112,3,0,12
BRDA:112,3,1,2
BRF:8
BRH:8
end_of_record
TN:
SF:src\pages\Profile.jsx
FN:11,Profile
FN:19,(anonymous_1)
FN:20,(anonymous_2)
FN:49,(anonymous_3)
FN:52,(anonymous_4)
FN:55,(anonymous_5)
FN:73,(anonymous_6)
FN:187,(anonymous_7)
FN:250,(anonymous_8)
FNF:9
FNH:9
FNDA:9,Profile
FNDA:6,(anonymous_1)
FNDA:6,(anonymous_2)
FNDA:4,(anonymous_3)
FNDA:4,(anonymous_4)
FNDA:2,(anonymous_5)
FNDA:4,(anonymous_6)
FNDA:27,(anonymous_7)
FNDA:4,(anonymous_8)
DA:12,9
DA:13,9
DA:16,9
DA:17,9
DA:19,9
DA:20,6
DA:21,6
DA:22,6
DA:23,1
DA:24,1
DA:27,5
DA:31,2
DA:33,2
DA:35,0
DA:37,3
DA:41,6
DA:44,9
DA:47,9
DA:48,9
DA:49,4
DA:51,9
DA:52,4
DA:55,9
DA:56,2
DA:57,2
DA:60,9
DA:73,9
DA:74,4
DA:75,3
DA:76,2
DA:77,1
DA:80,9
DA:188,27
DA:251,4
DA:252,4
LF:35
LH:34
BRDA:22,0,0,1
BRDA:22,0,1,5
BRDA:33,1,0,2
BRDA:33,1,1,0
BRDA:44,2,0,9
BRDA:44,2,1,0
BRDA:48,3,0,1
BRDA:48,3,1,8
BRDA:51,4,0,1
BRDA:51,4,1,8
BRDA:60,5,0,8
BRDA:60,5,1,1
BRDA:74,6,0,1
BRDA:74,6,1,3
BRDA:75,7,0,1
BRDA:75,7,1,2
BRDA:76,8,0,1
BRDA:76,8,1,1
BRDA:116,9,0,7
BRDA:116,9,1,2
BRDA:136,10,0,1
BRDA:136,10,1,8
BRDA:216,11,0,6
BRDA:216,11,1,3
BRDA:220,12,0,2
BRDA:220,12,1,1
BRF:26
BRH:24
end_of_record
TN:
SF:src\pages\Quiz.jsx
FN:9,Quiz
FN:19,(anonymous_1)
FN:25,(anonymous_2)
FN:39,(anonymous_3)
FN:39,(anonymous_4)
FNF:5
FNH:4
FNDA:10,Quiz
FNDA:10,(anonymous_1)
FNDA:10,(anonymous_2)
FNDA:1,(anonymous_3)
FNDA:0,(anonymous_4)
DA:10,10
DA:11,10
DA:14,10
DA:15,10
DA:17,10
DA:19,10
DA:20,10
DA:21,3
DA:25,10
DA:26,10
DA:27,1
DA:32,10
DA:33,2
DA:39,1
DA:48,8
DA:49,2
DA:57,6
DA:58,6
DA:60,6
LF:19
LH:19
BRDA:20,0,0,3
BRDA:20,0,1,7
BRDA:20,1,0,10
BRDA:20,1,1,10
BRDA:26,2,0,1
BRDA:26,2,1,9
BRDA:26,3,0,10
BRDA:26,3,1,8
BRDA:32,4,0,2
BRDA:32,4,1,8
BRDA:39,5,0,1
BRDA:39,5,1,0
BRDA:48,6,0,2
BRDA:48,6,1,6
BRDA:48,7,0,8
BRDA:48,7,1,6
BRDA:76,8,0,2
BRDA:76,8,1,4
BRDA:93,9,0,6
BRDA:93,9,1,5
BRF:20
BRH:19
end_of_record
TN:
SF:src\pages\QuizReview.jsx
FN:20,(anonymous_0)
FN:26,ReviewCard
FN:130,QuizReview
FN:145,(anonymous_3)
FN:151,(anonymous_4)
FN:155,(anonymous_5)
FN:156,(anonymous_6)
FN:158,(anonymous_7)
FN:177,(anonymous_8)
FN:257,(anonymous_9)
FN:260,(anonymous_10)
FN:303,(anonymous_11)
FN:311,(anonymous_12)
FN:331,(anonymous_13)
FNF:14
FNH:14
FNDA:67,(anonymous_0)
FNDA:51,ReviewCard
FNDA:18,QuizReview
FNDA:54,(anonymous_3)
FNDA:1,(anonymous_4)
FNDA:2,(anonymous_5)
FNDA:1,(anonymous_6)
FNDA:1,(anonymous_7)
FNDA:1,(anonymous_8)
FNDA:54,(anonymous_9)
FNDA:2,(anonymous_10)
FNDA:51,(anonymous_11)
FNDA:1,(anonymous_12)
FNDA:1,(anonymous_13)
DA:20,1
DA:21,67
DA:22,67
DA:23,67
DA:27,51
DA:31,51
DA:35,51
DA:131,18
DA:132,18
DA:133,18
DA:134,18
DA:136,18
DA:138,18
DA:139,18
DA:140,18
DA:141,18
DA:142,18
DA:145,18
DA:146,54
DA:147,51
DA:148,48
DA:151,18
DA:152,1
DA:155,18
DA:156,18
DA:158,18
DA:159,1
DA:160,1
DA:164,18
DA:165,0
DA:166,0
DA:169,18
DA:177,1
DA:258,54
DA:260,2
DA:304,51
DA:305,51
DA:311,1
DA:331,1
LF:39
LH:37
BRDA:27,0,0,34
BRDA:27,0,1,17
BRDA:31,1,0,34
BRDA:31,1,1,17
BRDA:48,2,0,34
BRDA:48,2,1,17
BRDA:61,3,0,34
BRDA:61,3,1,17
BRDA:66,4,0,7
BRDA:66,4,1,44
BRDA:75,5,0,51
BRDA:75,5,1,7
BRDA:90,6,0,5
BRDA:90,6,1,2
BRDA:97,7,0,5
BRDA:97,7,1,2
BRDA:100,8,0,5
BRDA:100,8,1,2
BRDA:104,9,0,5
BRDA:104,9,1,2
BRDA:107,10,0,7
BRDA:107,10,1,0
BRDA:114,11,0,7
BRDA:114,11,1,2
BRDA:142,12,0,18
BRDA:142,12,1,0
BRDA:146,13,0,3
BRDA:146,13,1,51
BRDA:147,14,0,3
BRDA:147,14,1,48
BRDA:152,15,0,0
BRDA:152,15,1,1
BRDA:164,16,0,0
BRDA:164,16,1,18
BRDA:164,17,0,18
BRDA:164,17,1,0
BRDA:262,18,0,18
BRDA:262,18,1,36
BRDA:263,19,0,1
BRDA:263,19,1,17
BRDA:265,20,0,1
BRDA:265,20,1,16
BRDA:297,21,0,0
BRDA:297,21,1,18
BRDA:310,22,0,51
BRDA:310,22,1,45
BRF:46
BRH:40
end_of_record
TN:
SF:src\pages\Result.jsx
FN:21,Result
FN:35,(anonymous_1)
FN:40,(anonymous_2)
FN:49,(anonymous_3)
FN:64,(anonymous_4)
FN:97,(anonymous_5)
FNF:6
FNH:4
FNDA:13,Result
FNDA:0,(anonymous_1)
FNDA:0,(anonymous_2)
FNDA:13,(anonymous_3)
FNDA:13,(anonymous_4)
FNDA:1,(anonymous_5)
DA:22,13
DA:23,13
DA:24,13
DA:25,13
DA:27,13
DA:28,13
DA:29,13
DA:30,13
DA:31,13
DA:35,13
DA:36,0
DA:37,0
DA:38,0
DA:39,0
DA:40,0
DA:42,0
DA:46,13
DA:49,13
DA:50,13
DA:51,13
DA:53,13
DA:64,13
DA:65,13
DA:72,12
DA:79,3
DA:86,2
DA:95,13
DA:97,13
DA:98,1
DA:99,1
DA:102,13
LF:31
LH:25
BRDA:31,0,0,13
BRDA:31,0,1,0
BRDA:50,1,0,0
BRDA:50,1,1,13
BRDA:50,2,0,13
BRDA:50,2,1,13
BRDA:50,2,2,13
BRDA:54,3,0,13
BRDA:54,3,1,0
BRDA:56,4,0,13
BRDA:56,4,1,13
BRDA:65,5,0,1
BRDA:65,5,1,12
BRDA:72,6,0,9
BRDA:72,6,1,3
BRDA:79,7,0,1
BRDA:79,7,1,2
BRDA:174,8,0,0
BRDA:174,8,1,13
BRDA:179,9,0,0
BRDA:179,9,1,13
BRDA:180,10,0,0
BRDA:180,10,1,13
BRF:23
BRH:17
end_of_record
TN:
SF:src\pages\Scoreboard.jsx
FN:10,Scoreboard
FN:20,(anonymous_1)
FN:33,(anonymous_2)
FN:37,(anonymous_3)
FN:40,(anonymous_4)
FN:45,(anonymous_5)
FN:52,(anonymous_6)
FN:60,(anonymous_7)
FN:158,(anonymous_8)
FN:224,PodiumCard
FNF:10
FNH:10
FNDA:23,Scoreboard
FNDA:13,(anonymous_1)
FNDA:11,(anonymous_2)
FNDA:11,(anonymous_3)
FNDA:1,(anonymous_4)
FNDA:32,(anonymous_5)
FNDA:32,(anonymous_6)
FNDA:32,(anonymous_7)
FNDA:32,(anonymous_8)
FNDA:21,PodiumCard
DA:11,23
DA:12,23
DA:13,23
DA:14,23
DA:15,23
DA:16,23
DA:18,23
DA:20,23
DA:21,13
DA:22,13
DA:23,13
DA:24,10
DA:25,10
DA:27,2
DA:29,12
DA:33,23
DA:34,11
DA:36,11
DA:37,11
DA:40,23
DA:41,1
DA:42,1
DA:45,23
DA:46,32
DA:47,24
DA:48,16
DA:49,8
DA:52,23
DA:53,32
DA:54,24
DA:55,24
DA:56,16
DA:57,8
DA:60,23
DA:61,32
DA:62,16
DA:63,8
DA:66,23
DA:68,23
DA:159,32
DA:160,32
DA:161,32
DA:225,21
DA:226,21
DA:231,21
DA:233,21
LF:46
LH:46
BRDA:46,0,0,8
BRDA:46,0,1,24
BRDA:47,1,0,8
BRDA:47,1,1,16
BRDA:48,2,0,8
BRDA:48,2,1,8
BRDA:53,3,0,8
BRDA:53,3,1,24
BRDA:54,4,0,0
BRDA:54,4,1,24
BRDA:55,5,0,8
BRDA:55,5,1,16
BRDA:56,6,0,8
BRDA:56,6,1,8
BRDA:61,7,0,16
BRDA:61,7,1,16
BRDA:62,8,0,8
BRDA:62,8,1,8
BRDA:66,9,0,23
BRDA:66,9,1,0
BRDA:83,10,0,9
BRDA:83,10,1,14
BRDA:92,11,0,11
BRDA:92,11,1,12
BRDA:107,12,0,11
BRDA:107,12,1,12
BRDA:112,13,0,2
BRDA:112,13,1,10
BRDA:120,14,0,2
BRDA:120,14,1,8
BRDA:132,15,0,8
BRDA:132,15,1,8
BRDA:171,16,0,0
BRDA:171,16,1,32
BRDA:182,17,0,32
BRDA:182,17,1,8
BRDA:234,18,0,7
BRDA:234,18,1,14
BRDA:235,19,0,21
BRDA:235,19,1,7
BRDA:237,20,0,0
BRDA:237,20,1,21
BRF:42
BRH:38
end_of_record
TN:
SF:src\services\api.js
FN:8,(anonymous_0)
FNF:1
FNH:1
FNDA:4,(anonymous_0)
DA:5,1
DA:8,1
DA:9,4
DA:11,4
DA:19,3
DA:20,1
DA:23,2
DA:26,2
DA:27,2
LF:9
LH:9
BRDA:19,0,0,1
BRDA:19,0,1,2
BRF:2
BRH:2
end_of_record
TN:
SF:src\services\authService.js
FN:10,(anonymous_0)
FNF:1
FNH:1
FNDA:4,(anonymous_0)
DA:3,1
DA:10,1
DA:11,4
DA:12,2
LF:4
LH:4
BRDA:3,0,0,1
BRDA:3,0,1,0
BRF:2
BRH:1
end_of_record
TN:
SF:src\services\scoreService.js
FN:9,(anonymous_0)
FN:19,(anonymous_1)
FNF:2
FNH:2
FNDA:2,(anonymous_0)
FNDA:3,(anonymous_1)
DA:3,1
DA:9,1
DA:10,2
DA:11,1
DA:19,1
DA:20,3
DA:21,2
LF:7
LH:7
BRDA:3,0,0,1
BRDA:3,0,1,0
BRDA:19,1,0,2
BRF:3
BRH:2
end_of_record
TN:
SF:src\utils\constants.js
FNF:0
FNH:0
DA:2,2
DA:5,2
LF:2
LH:2
BRF:0
BRH:0
end_of_record
