TN:
SF:src\components\QuestionCard.jsx
FN:4,QuestionCard
FN:6,(anonymous_1)
FN:27,(anonymous_2)
FN:30,(anonymous_3)
FNF:4
FNH:4
FNDA:4,QuestionCard
FNDA:20,(anonymous_1)
FNDA:16,(anonymous_2)
FNDA:1,(anonymous_3)
DA:6,4
DA:7,20
DA:8,20
DA:9,20
DA:12,4
DA:28,16
DA:30,1
LF:7
LH:7
BRF:0
BRH:0
end_of_record
TN:
SF:src\services\api.js
FN:8,(anonymous_0)
FNF:1
FNH:1
FNDA:3,(anonymous_0)
DA:5,1
DA:8,1
DA:9,3
DA:11,3
DA:19,2
DA:20,1
DA:23,1
DA:26,2
DA:27,2
LF:9
LH:9
BRDA:19,0,0,1
BRDA:19,0,1,1
BRF:2
BRH:2
end_of_record
TN:
SF:src\utils\constants.js
FNF:0
FNH:0
DA:2,1
DA:5,1
LF:2
LH:2
BRF:0
BRH:0
end_of_record
